01-Nov-2023 21:51:52.834 INFORMACIÓN [main] org.apache.catalina.startup.VersionLoggerListener.log Nombre de la versión del servidor: Apache Tomcat/9.0.82
01-Nov-2023 21:51:52.836 INFORMACIÓN [main] org.apache.catalina.startup.VersionLoggerListener.log Server built:                      Oct 11 2023 13:15:08 UTC
01-Nov-2023 21:51:52.836 INFORMACIÓN [main] org.apache.catalina.startup.VersionLoggerListener.log Número de versión de servidor:     9.0.82.0
01-Nov-2023 21:51:52.836 INFORMACIÓN [main] org.apache.catalina.startup.VersionLoggerListener.log OS Name:                           Windows 10
01-Nov-2023 21:51:52.836 INFORMACIÓN [main] org.apache.catalina.startup.VersionLoggerListener.log Versión de Systema Operativo:      10.0
01-Nov-2023 21:51:52.836 INFORMACIÓN [main] org.apache.catalina.startup.VersionLoggerListener.log Arquitectura:                      amd64
01-Nov-2023 21:51:52.837 INFORMACIÓN [main] org.apache.catalina.startup.VersionLoggerListener.log Java Home:                         C:\Program Files\Amazon Corretto\jdk11.0.21_9
01-Nov-2023 21:51:52.837 INFORMACIÓN [main] org.apache.catalina.startup.VersionLoggerListener.log JVM Version:                       11.0.21+9-LTS
01-Nov-2023 21:51:52.837 INFORMACIÓN [main] org.apache.catalina.startup.VersionLoggerListener.log Vededor JVM:                       Amazon.com Inc.
01-Nov-2023 21:51:52.837 INFORMACIÓN [main] org.apache.catalina.startup.VersionLoggerListener.log CATALINA_BASE:                     K:\Programacion\Decorarky\api2\Catalogo\src\main\java
01-Nov-2023 21:51:52.837 INFORMACIÓN [main] org.apache.catalina.startup.VersionLoggerListener.log CATALINA_HOME:                     C:\Users\fabio\Downloads\tom2\apache-tomcat-9.0.82
01-Nov-2023 21:51:52.845 INFORMACIÓN [main] org.apache.catalina.startup.VersionLoggerListener.log Command line argument:             --add-opens=java.base/java.lang=ALL-UNNAMED
01-Nov-2023 21:51:52.845 INFORMACIÓN [main] org.apache.catalina.startup.VersionLoggerListener.log Command line argument:             --add-opens=java.base/java.io=ALL-UNNAMED
01-Nov-2023 21:51:52.845 INFORMACIÓN [main] org.apache.catalina.startup.VersionLoggerListener.log Command line argument:             --add-opens=java.base/java.util=ALL-UNNAMED
01-Nov-2023 21:51:52.845 INFORMACIÓN [main] org.apache.catalina.startup.VersionLoggerListener.log Command line argument:             --add-opens=java.base/java.util.concurrent=ALL-UNNAMED
01-Nov-2023 21:51:52.845 INFORMACIÓN [main] org.apache.catalina.startup.VersionLoggerListener.log Command line argument:             --add-opens=java.rmi/sun.rmi.transport=ALL-UNNAMED
01-Nov-2023 21:51:52.845 INFORMACIÓN [main] org.apache.catalina.startup.VersionLoggerListener.log Command line argument:             -Dcatalina.home=C:\Users\fabio\Downloads\tom2\apache-tomcat-9.0.82
01-Nov-2023 21:51:52.845 INFORMACIÓN [main] org.apache.catalina.startup.VersionLoggerListener.log Command line argument:             -Dcatalina.base=K:\Programacion\Decorarky\api2\Catalogo\src\main\java
01-Nov-2023 21:51:52.845 INFORMACIÓN [main] org.apache.catalina.startup.VersionLoggerListener.log Command line argument:             -Djava.io.tmpdir=K:\Programacion\Decorarky\api2\Catalogo\src\main\java\temp
01-Nov-2023 21:51:52.845 INFORMACIÓN [main] org.apache.catalina.startup.VersionLoggerListener.log Command line argument:             -Djava.util.logging.config.file=K:\Programacion\Decorarky\api2\Catalogo\src\main\java\conf\logging.properties
01-Nov-2023 21:51:52.845 INFORMACIÓN [main] org.apache.catalina.startup.VersionLoggerListener.log Command line argument:             -Djava.util.logging.manager=org.apache.juli.ClassLoaderLogManager
01-Nov-2023 21:51:52.846 INFORMACIÓN [main] org.apache.catalina.startup.VersionLoggerListener.log Command line argument:             -javaagent:E:\Archivos de programa\IntelliJ IDEA 2023.1.3\lib\idea_rt.jar=49187:E:\Archivos de programa\IntelliJ IDEA 2023.1.3\bin
01-Nov-2023 21:51:52.846 INFORMACIÓN [main] org.apache.catalina.startup.VersionLoggerListener.log Command line argument:             -Dfile.encoding=UTF-8
01-Nov-2023 21:51:52.851 INFORMACIÓN [main] org.apache.catalina.core.AprLifecycleListener.lifecycleEvent Cargada la biblioteca nativa APR de Apache Tomcat [1.2.39] con la versión APR [1.7.4].
01-Nov-2023 21:51:52.851 INFORMACIÓN [main] org.apache.catalina.core.AprLifecycleListener.lifecycleEvent Capacidades APR: IPv6 [true], enviar fichero [true], aceptar filtros [false], aleatorio [true], UDS [true].
01-Nov-2023 21:51:52.851 INFORMACIÓN [main] org.apache.catalina.core.AprLifecycleListener.lifecycleEvent APR/OpenSSL configuration: useAprConnector [false], useOpenSSL [true]
01-Nov-2023 21:51:52.867 INFORMACIÓN [main] org.apache.catalina.core.AprLifecycleListener.initializeSSL OpenSSL inicializado correctamente [OpenSSL 3.0.11 19 Sep 2023]
01-Nov-2023 21:51:53.080 INFORMACIÓN [main] org.apache.coyote.AbstractProtocol.init Inicializando el manejador de protocolo ["http-nio-8080"]

01-Nov-2023 21:51:53.097 INFORMACIÓN [main] org.apache.catalina.startup.Catalina.load Server initialization in [417] milliseconds
01-Nov-2023 21:51:53.152 INFORMACIÓN [main] org.apache.catalina.core.StandardService.startInternal Arrancando servicio [Catalina]
01-Nov-2023 21:51:53.152 INFORMACIÓN [main] org.apache.catalina.core.StandardEngine.startInternal Starting Servlet engine: [Apache Tomcat/9.0.82]
01-Nov-2023 21:51:53.169 INFORMACIÓN [main] org.apache.catalina.startup.HostConfig.deployDescriptor Desplieque del descriptor de configuración [K:\Programacion\Decorarky\api2\Catalogo\src\main\java\conf\Catalina\localhost\api.xml]
01-Nov-2023 21:51:55.297 INFORMACIÓN [main] org.apache.jasper.servlet.TldScanner.scanJars Al menos un JAR, que se ha explorado buscando TLDs, aún no contenía TLDs. Activar historial de depuración para este historiador para una completa lista de los JARs que fueron explorados y de los que nos se halló TLDs. Saltarse JARs no necesarios durante la exploración puede dar lugar a una mejora de tiempo significativa en el arranque y compilación de JSP .
01-Nov-2023 21:52:02.487 ADVERTENCIA [main] org.apache.catalina.util.SessionIdGeneratorBase.createSecureRandom Creation of SecureRandom instance for session ID generation using [SHA1PRNG] took [166] milliseconds.
01-Nov-2023 21:52:02.505 INFORMACIÓN [main] org.apache.catalina.startup.HostConfig.deployDescriptor Deployment of deployment descriptor [K:\Programacion\Decorarky\api2\Catalogo\src\main\java\conf\Catalina\localhost\api.xml] has finished in [9.335] ms
01-Nov-2023 21:52:02.507 INFORMACIÓN [main] org.apache.coyote.AbstractProtocol.start Starting ProtocolHandler ["http-nio-8080"]
01-Nov-2023 21:52:02.519 INFORMACIÓN [main] org.apache.catalina.startup.Catalina.start Server startup in [9422] milliseconds
01-Nov-2023 21:58:38.454 INFORMACIÓN [Thread-2] org.apache.coyote.AbstractProtocol.pause Pausing ProtocolHandler ["http-nio-8080"]
01-Nov-2023 21:58:38.588 INFORMACIÓN [Thread-2] org.apache.catalina.core.StandardService.stopInternal Parando servicio [Catalina]
01-Nov-2023 21:58:39.547 ADVERTENCIA [Thread-2] org.apache.catalina.loader.WebappClassLoaderBase.clearReferencesThreads The web application [api] appears to have started a thread named [mysql-cj-abandoned-connection-cleanup] but has failed to stop it. This is very likely to create a memory leak. Stack trace of thread:
 java.base@11.0.21/java.lang.Object.wait(Native Method)
 java.base@11.0.21/java.lang.ref.ReferenceQueue.remove(ReferenceQueue.java:155)
 com.mysql.cj.jdbc.AbandonedConnectionCleanupThread.run(AbandonedConnectionCleanupThread.java:91)
 java.base@11.0.21/java.util.concurrent.ThreadPoolExecutor.runWorker(ThreadPoolExecutor.java:1128)
 java.base@11.0.21/java.util.concurrent.ThreadPoolExecutor$Worker.run(ThreadPoolExecutor.java:628)
 java.base@11.0.21/java.lang.Thread.run(Thread.java:829)
01-Nov-2023 21:58:39.554 INFORMACIÓN [Thread-2] org.apache.coyote.AbstractProtocol.stop Stopping ProtocolHandler ["http-nio-8080"]
01-Nov-2023 21:58:39.572 INFORMACIÓN [Thread-2] org.apache.coyote.AbstractProtocol.destroy Destroying ProtocolHandler ["http-nio-8080"]
01-Nov-2023 21:58:41.170 INFORMACIÓN [main] org.apache.catalina.startup.VersionLoggerListener.log Nombre de la versión del servidor: Apache Tomcat/9.0.82
01-Nov-2023 21:58:41.173 INFORMACIÓN [main] org.apache.catalina.startup.VersionLoggerListener.log Server built:                      Oct 11 2023 13:15:08 UTC
01-Nov-2023 21:58:41.173 INFORMACIÓN [main] org.apache.catalina.startup.VersionLoggerListener.log Número de versión de servidor:     9.0.82.0
01-Nov-2023 21:58:41.173 INFORMACIÓN [main] org.apache.catalina.startup.VersionLoggerListener.log OS Name:                           Windows 10
01-Nov-2023 21:58:41.173 INFORMACIÓN [main] org.apache.catalina.startup.VersionLoggerListener.log Versión de Systema Operativo:      10.0
01-Nov-2023 21:58:41.173 INFORMACIÓN [main] org.apache.catalina.startup.VersionLoggerListener.log Arquitectura:                      amd64
01-Nov-2023 21:58:41.173 INFORMACIÓN [main] org.apache.catalina.startup.VersionLoggerListener.log Java Home:                         C:\Program Files\Amazon Corretto\jdk11.0.21_9
01-Nov-2023 21:58:41.174 INFORMACIÓN [main] org.apache.catalina.startup.VersionLoggerListener.log JVM Version:                       11.0.21+9-LTS
01-Nov-2023 21:58:41.174 INFORMACIÓN [main] org.apache.catalina.startup.VersionLoggerListener.log Vededor JVM:                       Amazon.com Inc.
01-Nov-2023 21:58:41.174 INFORMACIÓN [main] org.apache.catalina.startup.VersionLoggerListener.log CATALINA_BASE:                     K:\Programacion\Decorarky\api2\Catalogo\src\main\java
01-Nov-2023 21:58:41.174 INFORMACIÓN [main] org.apache.catalina.startup.VersionLoggerListener.log CATALINA_HOME:                     C:\Users\fabio\Downloads\tom2\apache-tomcat-9.0.82
01-Nov-2023 21:58:41.182 INFORMACIÓN [main] org.apache.catalina.startup.VersionLoggerListener.log Command line argument:             --add-opens=java.base/java.lang=ALL-UNNAMED
01-Nov-2023 21:58:41.182 INFORMACIÓN [main] org.apache.catalina.startup.VersionLoggerListener.log Command line argument:             --add-opens=java.base/java.io=ALL-UNNAMED
01-Nov-2023 21:58:41.182 INFORMACIÓN [main] org.apache.catalina.startup.VersionLoggerListener.log Command line argument:             --add-opens=java.base/java.util=ALL-UNNAMED
01-Nov-2023 21:58:41.182 INFORMACIÓN [main] org.apache.catalina.startup.VersionLoggerListener.log Command line argument:             --add-opens=java.base/java.util.concurrent=ALL-UNNAMED
01-Nov-2023 21:58:41.182 INFORMACIÓN [main] org.apache.catalina.startup.VersionLoggerListener.log Command line argument:             --add-opens=java.rmi/sun.rmi.transport=ALL-UNNAMED
01-Nov-2023 21:58:41.182 INFORMACIÓN [main] org.apache.catalina.startup.VersionLoggerListener.log Command line argument:             -Dcatalina.home=C:\Users\fabio\Downloads\tom2\apache-tomcat-9.0.82
01-Nov-2023 21:58:41.182 INFORMACIÓN [main] org.apache.catalina.startup.VersionLoggerListener.log Command line argument:             -Dcatalina.base=K:\Programacion\Decorarky\api2\Catalogo\src\main\java
01-Nov-2023 21:58:41.183 INFORMACIÓN [main] org.apache.catalina.startup.VersionLoggerListener.log Command line argument:             -Djava.io.tmpdir=K:\Programacion\Decorarky\api2\Catalogo\src\main\java\temp
01-Nov-2023 21:58:41.183 INFORMACIÓN [main] org.apache.catalina.startup.VersionLoggerListener.log Command line argument:             -Djava.util.logging.config.file=K:\Programacion\Decorarky\api2\Catalogo\src\main\java\conf\logging.properties
01-Nov-2023 21:58:41.183 INFORMACIÓN [main] org.apache.catalina.startup.VersionLoggerListener.log Command line argument:             -Djava.util.logging.manager=org.apache.juli.ClassLoaderLogManager
01-Nov-2023 21:58:41.183 INFORMACIÓN [main] org.apache.catalina.startup.VersionLoggerListener.log Command line argument:             -javaagent:E:\Archivos de programa\IntelliJ IDEA 2023.1.3\lib\idea_rt.jar=49459:E:\Archivos de programa\IntelliJ IDEA 2023.1.3\bin
01-Nov-2023 21:58:41.183 INFORMACIÓN [main] org.apache.catalina.startup.VersionLoggerListener.log Command line argument:             -Dfile.encoding=UTF-8
01-Nov-2023 21:58:41.185 INFORMACIÓN [main] org.apache.catalina.core.AprLifecycleListener.lifecycleEvent Cargada la biblioteca nativa APR de Apache Tomcat [1.2.39] con la versión APR [1.7.4].
01-Nov-2023 21:58:41.185 INFORMACIÓN [main] org.apache.catalina.core.AprLifecycleListener.lifecycleEvent Capacidades APR: IPv6 [true], enviar fichero [true], aceptar filtros [false], aleatorio [true], UDS [true].
01-Nov-2023 21:58:41.185 INFORMACIÓN [main] org.apache.catalina.core.AprLifecycleListener.lifecycleEvent APR/OpenSSL configuration: useAprConnector [false], useOpenSSL [true]
01-Nov-2023 21:58:41.190 INFORMACIÓN [main] org.apache.catalina.core.AprLifecycleListener.initializeSSL OpenSSL inicializado correctamente [OpenSSL 3.0.11 19 Sep 2023]
01-Nov-2023 21:58:41.394 INFORMACIÓN [main] org.apache.coyote.AbstractProtocol.init Inicializando el manejador de protocolo ["http-nio-8080"]

01-Nov-2023 21:58:41.412 INFORMACIÓN [main] org.apache.catalina.startup.Catalina.load Server initialization in [388] milliseconds
01-Nov-2023 21:58:41.465 INFORMACIÓN [main] org.apache.catalina.core.StandardService.startInternal Arrancando servicio [Catalina]
01-Nov-2023 21:58:41.465 INFORMACIÓN [main] org.apache.catalina.core.StandardEngine.startInternal Starting Servlet engine: [Apache Tomcat/9.0.82]
01-Nov-2023 21:58:41.472 INFORMACIÓN [main] org.apache.catalina.startup.HostConfig.deployDescriptor Desplieque del descriptor de configuración [K:\Programacion\Decorarky\api2\Catalogo\src\main\java\conf\Catalina\localhost\api.xml]
01-Nov-2023 21:58:43.575 INFORMACIÓN [main] org.apache.jasper.servlet.TldScanner.scanJars Al menos un JAR, que se ha explorado buscando TLDs, aún no contenía TLDs. Activar historial de depuración para este historiador para una completa lista de los JARs que fueron explorados y de los que nos se halló TLDs. Saltarse JARs no necesarios durante la exploración puede dar lugar a una mejora de tiempo significativa en el arranque y compilación de JSP .
01-Nov-2023 21:58:50.752 ADVERTENCIA [main] org.apache.catalina.util.SessionIdGeneratorBase.createSecureRandom Creation of SecureRandom instance for session ID generation using [SHA1PRNG] took [166] milliseconds.
01-Nov-2023 21:58:50.768 INFORMACIÓN [main] org.apache.catalina.startup.HostConfig.deployDescriptor Deployment of deployment descriptor [K:\Programacion\Decorarky\api2\Catalogo\src\main\java\conf\Catalina\localhost\api.xml] has finished in [9.296] ms
01-Nov-2023 21:58:50.771 INFORMACIÓN [main] org.apache.coyote.AbstractProtocol.start Starting ProtocolHandler ["http-nio-8080"]
01-Nov-2023 21:58:50.784 INFORMACIÓN [main] org.apache.catalina.startup.Catalina.start Server startup in [9372] milliseconds
01-Nov-2023 22:00:17.670 INFORMACIÓN [Thread-2] org.apache.coyote.AbstractProtocol.pause Pausing ProtocolHandler ["http-nio-8080"]
01-Nov-2023 22:00:17.811 INFORMACIÓN [Thread-2] org.apache.catalina.core.StandardService.stopInternal Parando servicio [Catalina]
01-Nov-2023 22:00:18.801 ADVERTENCIA [Thread-2] org.apache.catalina.loader.WebappClassLoaderBase.clearReferencesThreads The web application [api] appears to have started a thread named [mysql-cj-abandoned-connection-cleanup] but has failed to stop it. This is very likely to create a memory leak. Stack trace of thread:
 java.base@11.0.21/java.lang.Object.wait(Native Method)
 java.base@11.0.21/java.lang.ref.ReferenceQueue.remove(ReferenceQueue.java:155)
 com.mysql.cj.jdbc.AbandonedConnectionCleanupThread.run(AbandonedConnectionCleanupThread.java:91)
 java.base@11.0.21/java.util.concurrent.ThreadPoolExecutor.runWorker(ThreadPoolExecutor.java:1128)
 java.base@11.0.21/java.util.concurrent.ThreadPoolExecutor$Worker.run(ThreadPoolExecutor.java:628)
 java.base@11.0.21/java.lang.Thread.run(Thread.java:829)
01-Nov-2023 22:00:18.809 INFORMACIÓN [Thread-2] org.apache.coyote.AbstractProtocol.stop Stopping ProtocolHandler ["http-nio-8080"]
01-Nov-2023 22:00:18.812 INFORMACIÓN [Thread-2] org.apache.coyote.AbstractProtocol.destroy Destroying ProtocolHandler ["http-nio-8080"]
